<?xml version="1.0" encoding="UTF-8"?>
<testsuite xmlns:xsi="http://www.w3.org/2001/XMLSchema-instance" xsi:noNamespaceSchemaLocation="https://maven.apache.org/surefire/maven-surefire-plugin/xsd/surefire-test-report-3.0.xsd" version="3.0" name="org.example.AppTest" time="0.019" tests="1" errors="0" skipped="0" failures="0">
  <properties>
    <property name="java.specification.version" value="21"/>
    <property name="sun.cpu.isalist" value="amd64"/>
    <property name="sun.jnu.encoding" value="Cp1252"/>
    <property name="java.class.path" value="E:\springBoot-Intern\Task1\target\test-classes;E:\springBoot-Intern\Task1\target\classes;C:\Users\itsme\.m2\repository\junit\junit\3.8.1\junit-3.8.1.jar;C:\Users\itsme\.m2\repository\org\springframework\spring-context\7.0.0-M6\spring-context-7.0.0-M6.jar;C:\Users\itsme\.m2\repository\org\springframework\spring-aop\7.0.0-M6\spring-aop-7.0.0-M6.jar;C:\Users\itsme\.m2\repository\org\springframework\spring-beans\7.0.0-M6\spring-beans-7.0.0-M6.jar;C:\Users\itsme\.m2\repository\org\springframework\spring-core\7.0.0-M6\spring-core-7.0.0-M6.jar;C:\Users\itsme\.m2\repository\commons-logging\commons-logging\1.3.5\commons-logging-1.3.5.jar;C:\Users\itsme\.m2\repository\org\jspecify\jspecify\1.0.0\jspecify-1.0.0.jar;C:\Users\itsme\.m2\repository\org\springframework\spring-expression\7.0.0-M6\spring-expression-7.0.0-M6.jar;C:\Users\itsme\.m2\repository\io\micrometer\micrometer-observation\1.15.1\micrometer-observation-1.15.1.jar;C:\Users\itsme\.m2\repository\io\micrometer\micrometer-commons\1.15.1\micrometer-commons-1.15.1.jar;"/>
    <property name="java.vm.vendor" value="Oracle Corporation"/>
    <property name="sun.arch.data.model" value="64"/>
    <property name="user.variant" value=""/>
    <property name="java.vendor.url" value="https://java.oracle.com/"/>
    <property name="user.timezone" value="Asia/Calcutta"/>
    <property name="os.name" value="Windows 11"/>
    <property name="java.vm.specification.version" value="21"/>
    <property name="sun.java.launcher" value="SUN_STANDARD"/>
    <property name="user.country" value="US"/>
    <property name="sun.boot.library.path" value="C:\Program Files\Java\jdk-21\bin"/>
    <property name="sun.java.command" value="C:\Users\itsme\AppData\Local\Temp\surefire11575831459308335953\surefirebooter-20250702181527467_3.jar C:\Users\itsme\AppData\Local\Temp\surefire11575831459308335953 2025-07-02T18-15-25_132-jvmRun1 surefire-20250702181527467_1tmp surefire_0-20250702181527467_2tmp"/>
    <property name="jdk.debug" value="release"/>
    <property name="surefire.test.class.path" value="E:\springBoot-Intern\Task1\target\test-classes;E:\springBoot-Intern\Task1\target\classes;C:\Users\itsme\.m2\repository\junit\junit\3.8.1\junit-3.8.1.jar;C:\Users\itsme\.m2\repository\org\springframework\spring-context\7.0.0-M6\spring-context-7.0.0-M6.jar;C:\Users\itsme\.m2\repository\org\springframework\spring-aop\7.0.0-M6\spring-aop-7.0.0-M6.jar;C:\Users\itsme\.m2\repository\org\springframework\spring-beans\7.0.0-M6\spring-beans-7.0.0-M6.jar;C:\Users\itsme\.m2\repository\org\springframework\spring-core\7.0.0-M6\spring-core-7.0.0-M6.jar;C:\Users\itsme\.m2\repository\commons-logging\commons-logging\1.3.5\commons-logging-1.3.5.jar;C:\Users\itsme\.m2\repository\org\jspecify\jspecify\1.0.0\jspecify-1.0.0.jar;C:\Users\itsme\.m2\repository\org\springframework\spring-expression\7.0.0-M6\spring-expression-7.0.0-M6.jar;C:\Users\itsme\.m2\repository\io\micrometer\micrometer-observation\1.15.1\micrometer-observation-1.15.1.jar;C:\Users\itsme\.m2\repository\io\micrometer\micrometer-commons\1.15.1\micrometer-commons-1.15.1.jar;"/>
    <property name="sun.cpu.endian" value="little"/>
    <property name="user.home" value="C:\Users\itsme"/>
    <property name="user.language" value="en"/>
    <property name="java.specification.vendor" value="Oracle Corporation"/>
    <property name="java.version.date" value="2025-01-21"/>
    <property name="java.home" value="C:\Program Files\Java\jdk-21"/>
    <property name="file.separator" value="\"/>
    <property name="basedir" value="E:\springBoot-Intern\Task1"/>
    <property name="java.vm.compressedOopsMode" value="Zero based"/>
    <property name="line.separator" value="&#10;"/>
    <property name="java.vm.specification.vendor" value="Oracle Corporation"/>
    <property name="java.specification.name" value="Java Platform API Specification"/>
    <property name="surefire.real.class.path" value="C:\Users\itsme\AppData\Local\Temp\surefire11575831459308335953\surefirebooter-20250702181527467_3.jar"/>
    <property name="user.script" value=""/>
    <property name="sun.management.compiler" value="HotSpot 64-Bit Tiered Compilers"/>
    <property name="java.runtime.version" value="21.0.6+8-LTS-188"/>
    <property name="user.name" value="itsme"/>
    <property name="stdout.encoding" value="Cp1252"/>
    <property name="path.separator" value=";"/>
    <property name="os.version" value="10.0"/>
    <property name="java.runtime.name" value="Java(TM) SE Runtime Environment"/>
    <property name="file.encoding" value="UTF-8"/>
    <property name="java.vm.name" value="Java HotSpot(TM) 64-Bit Server VM"/>
    <property name="localRepository" value="C:\Users\itsme\.m2\repository"/>
    <property name="java.vendor.url.bug" value="https://bugreport.java.com/bugreport/"/>
    <property name="java.io.tmpdir" value="C:\Users\itsme\AppData\Local\Temp\"/>
    <property name="java.version" value="21.0.6"/>
    <property name="user.dir" value="E:\springBoot-Intern\Task1"/>
    <property name="os.arch" value="amd64"/>
    <property name="java.vm.specification.name" value="Java Virtual Machine Specification"/>
    <property name="sun.os.patch.level" value=""/>
    <property name="native.encoding" value="Cp1252"/>
    <property name="java.library.path" value="C:\Program Files\Java\jdk-21\bin;C:\WINDOWS\Sun\Java\bin;C:\WINDOWS\system32;C:\WINDOWS;C:\Program Files\Common Files\Oracle\Java\javapath;C:\Program Files (x86)\Common Files\Oracle\Java\java8path;C:\Program Files (x86)\Common Files\Oracle\Java\javapath;C:\WINDOWS\system32;C:\WINDOWS;C:\WINDOWS\System32\Wbem;C:\WINDOWS\System32\WindowsPowerShell\v1.0\;C:\WINDOWS\System32\OpenSSH\;C:\TDM-GCC-64\bin;C:\Program Files\MySQL\MySQL Server 8.0\bin;C:\Program Files\MongoDB\mongosh-2.3.3-win32-x64\bin;C:\Program Files\MongoDB\Server\8.0\bin;C:\Users\itsme\AppData\Local\nvm;C:\nvm4w\nodejs;C:\Program Files\Maven\apache-maven-3.9.9\bin;C:\Program Files (x86)\Windows Kits\10\Windows Performance Toolkit\;C:\Users\itsme\AppData\Local\Programs\Python\Python310\Scripts\;C:\Users\itsme\AppData\Local\Programs\Python\Python310\;C:\Users\itsme\AppData\Local\Android\Sdk\platform-tools;C:\Users\itsme\AppData\Local\Android\Sdk\tools;C:\Program Files\MySQL\MySQL Shell 8.0\bin\;C:\Users\itsme\AppData\Local\Microsoft\WindowsApps;C:\Users\itsme\AppData\Local\Programs\Microsoft VS Code\bin;C:\Users\itsme\AppData\Local\Programs\Microsoft VS Code Insiders\bin;C:\Users\itsme\AppData\Roaming\Python\Python312\Scripts;C:\flutter\bin;C:\Program Files\MongoDB\Server\8.0\bin;C:\Users\itsme\AppData\Local\nvm;C:\nvm4w\nodejs;;C:\Users\itsme\AppData\Local\Programs\Ollama;."/>
    <property name="java.vm.info" value="mixed mode, sharing"/>
    <property name="stderr.encoding" value="Cp1252"/>
    <property name="java.vendor" value="Oracle Corporation"/>
    <property name="java.vm.version" value="21.0.6+8-LTS-188"/>
    <property name="sun.io.unicode.encoding" value="UnicodeLittle"/>
    <property name="java.class.version" value="65.0"/>
  </properties>
  <testcase name="testApp" classname="org.example.AppTest" time="0.002"/>
</testsuite>